{"/Users/thehobbit85/Colu/my-node-modules/ColoredCoins/EncodingModule/ccPaymentEncoder/paymentEncoder.js":{"path":"/Users/thehobbit85/Colu/my-node-modules/ColoredCoins/EncodingModule/ccPaymentEncoder/paymentEncoder.js","s":{"1":1,"2":1,"3":1,"4":1,"5":1,"6":1,"7":56,"8":1,"9":27,"10":27,"11":27,"12":27,"13":1,"14":26,"15":26,"16":1,"17":25,"18":25,"19":25,"20":1,"21":24,"22":2,"23":22,"24":22,"25":22,"26":12,"27":22,"28":8,"29":22,"30":12,"31":22,"32":34,"33":34,"34":12,"35":22,"36":22,"37":22,"38":22,"39":22,"40":22,"41":8,"42":22,"43":22,"44":1,"45":1,"46":1,"47":11,"48":11,"49":11,"50":1,"51":12,"52":12,"53":23,"54":23,"55":11,"56":12},"b":{"1":[56,22,34],"2":[27,11],"3":[27,15],"4":[27,12],"5":[1,26],"6":[1,25],"7":[1,24],"8":[2,22],"9":[24,15,23,9],"10":[12,10],"11":[8,14],"12":[12,10],"13":[12,22],"14":[8,14],"15":[12,1]},"f":{"1":56,"2":27,"3":34,"4":1,"5":12},"fnMap":{"1":{"name":"(anonymous_1)","line":7,"loc":{"start":{"line":7,"column":22},"end":{"line":7,"column":47}}},"2":{"name":"(anonymous_2)","line":12,"loc":{"start":{"line":12,"column":10},"end":{"line":12,"column":35}}},"3":{"name":"(anonymous_3)","line":34,"loc":{"start":{"line":34,"column":10},"end":{"line":34,"column":29}}},"4":{"name":"(anonymous_4)","line":49,"loc":{"start":{"line":49,"column":14},"end":{"line":49,"column":39}}},"5":{"name":"(anonymous_5)","line":60,"loc":{"start":{"line":60,"column":14},"end":{"line":60,"column":48}}}},"statementMap":{"1":{"start":{"line":1,"column":0},"end":{"line":1,"column":19}},"2":{"start":{"line":2,"column":0},"end":{"line":2,"column":19}},"3":{"start":{"line":3,"column":0},"end":{"line":3,"column":20}},"4":{"start":{"line":4,"column":0},"end":{"line":4,"column":22}},"5":{"start":{"line":5,"column":0},"end":{"line":5,"column":34}},"6":{"start":{"line":7,"column":0},"end":{"line":9,"column":1}},"7":{"start":{"line":8,"column":2},"end":{"line":8,"column":85}},"8":{"start":{"line":11,"column":0},"end":{"line":71,"column":1}},"9":{"start":{"line":13,"column":4},"end":{"line":13,"column":42}},"10":{"start":{"line":14,"column":4},"end":{"line":14,"column":44}},"11":{"start":{"line":15,"column":4},"end":{"line":15,"column":48}},"12":{"start":{"line":16,"column":4},"end":{"line":16,"column":90}},"13":{"start":{"line":16,"column":53},"end":{"line":16,"column":90}},"14":{"start":{"line":17,"column":4},"end":{"line":17,"column":37}},"15":{"start":{"line":18,"column":4},"end":{"line":18,"column":97}},"16":{"start":{"line":18,"column":60},"end":{"line":18,"column":97}},"17":{"start":{"line":19,"column":4},"end":{"line":19,"column":51}},"18":{"start":{"line":20,"column":4},"end":{"line":20,"column":54}},"19":{"start":{"line":21,"column":4},"end":{"line":21,"column":64}},"20":{"start":{"line":21,"column":20},"end":{"line":21,"column":64}},"21":{"start":{"line":22,"column":4},"end":{"line":24,"column":5}},"22":{"start":{"line":23,"column":6},"end":{"line":23,"column":54}},"23":{"start":{"line":25,"column":4},"end":{"line":25,"column":71}},"24":{"start":{"line":26,"column":4},"end":{"line":26,"column":45}},"25":{"start":{"line":27,"column":4},"end":{"line":27,"column":40}},"26":{"start":{"line":27,"column":14},"end":{"line":27,"column":40}},"27":{"start":{"line":28,"column":4},"end":{"line":28,"column":42}},"28":{"start":{"line":28,"column":15},"end":{"line":28,"column":42}},"29":{"start":{"line":29,"column":4},"end":{"line":29,"column":46}},"30":{"start":{"line":29,"column":17},"end":{"line":29,"column":46}},"31":{"start":{"line":31,"column":4},"end":{"line":31,"column":59}},"32":{"start":{"line":35,"column":4},"end":{"line":35,"column":35}},"33":{"start":{"line":36,"column":4},"end":{"line":36,"column":81}},"34":{"start":{"line":36,"column":44},"end":{"line":36,"column":81}},"35":{"start":{"line":37,"column":4},"end":{"line":37,"column":56}},"36":{"start":{"line":38,"column":4},"end":{"line":38,"column":38}},"37":{"start":{"line":39,"column":4},"end":{"line":39,"column":35}},"38":{"start":{"line":40,"column":4},"end":{"line":40,"column":37}},"39":{"start":{"line":41,"column":4},"end":{"line":41,"column":41}},"40":{"start":{"line":42,"column":4},"end":{"line":44,"column":5}},"41":{"start":{"line":43,"column":6},"end":{"line":43,"column":50}},"42":{"start":{"line":45,"column":4},"end":{"line":45,"column":44}},"43":{"start":{"line":46,"column":4},"end":{"line":46,"column":131}},"44":{"start":{"line":50,"column":4},"end":{"line":50,"column":32}},"45":{"start":{"line":51,"column":4},"end":{"line":51,"column":47}},"46":{"start":{"line":52,"column":4},"end":{"line":56,"column":5}},"47":{"start":{"line":53,"column":6},"end":{"line":53,"column":36}},"48":{"start":{"line":54,"column":6},"end":{"line":54,"column":44}},"49":{"start":{"line":55,"column":6},"end":{"line":55,"column":55}},"50":{"start":{"line":57,"column":4},"end":{"line":57,"column":19}},"51":{"start":{"line":61,"column":4},"end":{"line":61,"column":39}},"52":{"start":{"line":62,"column":4},"end":{"line":69,"column":5}},"53":{"start":{"line":63,"column":6},"end":{"line":68,"column":7}},"54":{"start":{"line":64,"column":8},"end":{"line":64,"column":48}},"55":{"start":{"line":65,"column":8},"end":{"line":65,"column":47}},"56":{"start":{"line":67,"column":8},"end":{"line":67,"column":28}}},"branchMap":{"1":{"line":8,"type":"binary-expr","locations":[{"start":{"line":8,"column":10},"end":{"line":8,"column":37}},{"start":{"line":8,"column":42},"end":{"line":8,"column":45}},{"start":{"line":8,"column":49},"end":{"line":8,"column":85}}]},"2":{"line":13,"type":"binary-expr","locations":[{"start":{"line":13,"column":15},"end":{"line":13,"column":33}},{"start":{"line":13,"column":37},"end":{"line":13,"column":42}}]},"3":{"line":14,"type":"binary-expr","locations":[{"start":{"line":14,"column":16},"end":{"line":14,"column":35}},{"start":{"line":14,"column":39},"end":{"line":14,"column":44}}]},"4":{"line":15,"type":"binary-expr","locations":[{"start":{"line":15,"column":18},"end":{"line":15,"column":39}},{"start":{"line":15,"column":43},"end":{"line":15,"column":48}}]},"5":{"line":16,"type":"if","locations":[{"start":{"line":16,"column":4},"end":{"line":16,"column":4}},{"start":{"line":16,"column":4},"end":{"line":16,"column":4}}]},"6":{"line":18,"type":"if","locations":[{"start":{"line":18,"column":4},"end":{"line":18,"column":4}},{"start":{"line":18,"column":4},"end":{"line":18,"column":4}}]},"7":{"line":21,"type":"if","locations":[{"start":{"line":21,"column":4},"end":{"line":21,"column":4}},{"start":{"line":21,"column":4},"end":{"line":21,"column":4}}]},"8":{"line":22,"type":"if","locations":[{"start":{"line":22,"column":4},"end":{"line":22,"column":4}},{"start":{"line":22,"column":4},"end":{"line":22,"column":4}}]},"9":{"line":22,"type":"binary-expr","locations":[{"start":{"line":22,"column":9},"end":{"line":22,"column":15}},{"start":{"line":22,"column":19},"end":{"line":22,"column":41}},{"start":{"line":22,"column":47},"end":{"line":22,"column":52}},{"start":{"line":22,"column":56},"end":{"line":22,"column":79}}]},"10":{"line":27,"type":"if","locations":[{"start":{"line":27,"column":4},"end":{"line":27,"column":4}},{"start":{"line":27,"column":4},"end":{"line":27,"column":4}}]},"11":{"line":28,"type":"if","locations":[{"start":{"line":28,"column":4},"end":{"line":28,"column":4}},{"start":{"line":28,"column":4},"end":{"line":28,"column":4}}]},"12":{"line":29,"type":"if","locations":[{"start":{"line":29,"column":4},"end":{"line":29,"column":4}},{"start":{"line":29,"column":4},"end":{"line":29,"column":4}}]},"13":{"line":36,"type":"if","locations":[{"start":{"line":36,"column":4},"end":{"line":36,"column":4}},{"start":{"line":36,"column":4},"end":{"line":36,"column":4}}]},"14":{"line":42,"type":"if","locations":[{"start":{"line":42,"column":4},"end":{"line":42,"column":4}},{"start":{"line":42,"column":4},"end":{"line":42,"column":4}}]},"15":{"line":61,"type":"binary-expr","locations":[{"start":{"line":61,"column":20},"end":{"line":61,"column":33}},{"start":{"line":61,"column":37},"end":{"line":61,"column":39}}]}}}}