TN:
SF:/Users/thehobbit85/Colu/my-node-modules/ColoredCoins/EncodingModule/ccPaymentEncoder/paymentEncoder.js
FN:7,(anonymous_1)
FN:12,(anonymous_2)
FN:34,(anonymous_3)
FN:49,(anonymous_4)
FN:60,(anonymous_5)
FNF:5
FNH:5
FNDA:56,(anonymous_1)
FNDA:27,(anonymous_2)
FNDA:34,(anonymous_3)
FNDA:1,(anonymous_4)
FNDA:12,(anonymous_5)
DA:1,1
DA:2,1
DA:3,1
DA:4,1
DA:5,1
DA:7,1
DA:8,56
DA:11,1
DA:13,27
DA:14,27
DA:15,27
DA:16,27
DA:17,26
DA:18,26
DA:19,25
DA:20,25
DA:21,25
DA:22,24
DA:23,2
DA:25,22
DA:26,22
DA:27,22
DA:28,22
DA:29,22
DA:31,22
DA:35,34
DA:36,34
DA:37,22
DA:38,22
DA:39,22
DA:40,22
DA:41,22
DA:42,22
DA:43,8
DA:45,22
DA:46,22
DA:50,1
DA:51,1
DA:52,1
DA:53,11
DA:54,11
DA:55,11
DA:57,1
DA:61,12
DA:62,12
DA:63,23
DA:64,23
DA:65,11
DA:67,12
LF:49
LH:49
BRDA:8,1,0,56
BRDA:8,1,1,22
BRDA:8,1,2,34
BRDA:13,2,0,27
BRDA:13,2,1,11
BRDA:14,3,0,27
BRDA:14,3,1,15
BRDA:15,4,0,27
BRDA:15,4,1,12
BRDA:16,5,0,1
BRDA:16,5,1,26
BRDA:18,6,0,1
BRDA:18,6,1,25
BRDA:21,7,0,1
BRDA:21,7,1,24
BRDA:22,8,0,2
BRDA:22,8,1,22
BRDA:22,9,0,24
BRDA:22,9,1,15
BRDA:22,9,2,23
BRDA:22,9,3,9
BRDA:27,10,0,12
BRDA:27,10,1,10
BRDA:28,11,0,8
BRDA:28,11,1,14
BRDA:29,12,0,12
BRDA:29,12,1,10
BRDA:36,13,0,12
BRDA:36,13,1,22
BRDA:42,14,0,8
BRDA:42,14,1,14
BRDA:61,15,0,12
BRDA:61,15,1,1
BRF:33
BRH:33
end_of_record
